<?xml version="1.0" encoding="UTF-8"?>
<testsuite name="io.nbaynham.hackerrank.CurrencyTests" tests="1" skipped="0" failures="0" errors="0" timestamp="2019-10-13T19:28:33" hostname="2K2C5M2" time="0.017">
  <properties/>
  <testcase name="currencyTest" classname="io.nbaynham.hackerrank.CurrencyTests" time="0.017"/>
  <system-out><![CDATA[?10.99
10,99 â‚¬
]]></system-out>
  <system-err><![CDATA[]]></system-err>
</testsuite>
