<?xml version="1.0" encoding="UTF-8"?>
<!-- Generated by org.testng.reporters.JUnitReportReporter -->
<testsuite skipped="0" hostname="2K2C5M2" name="io.nbaynham.hackerrank.ExampleTestNG" tests="2" failures="0" timestamp="2019-10-15T20:56:58 EDT" time="0.000" errors="0">
  <testcase name="test" time="0.000" classname="io.nbaynham.hackerrank.ExampleTestNG"/>
  <testcase name="test2" time="0.000" classname="io.nbaynham.hackerrank.ExampleTestNG"/>
</testsuite> <!-- io.nbaynham.hackerrank.ExampleTestNG -->
