<?xml version="1.0" encoding="UTF-8"?>
<!-- Generated by org.testng.reporters.JUnitReportReporter -->
<testsuite skipped="0" hostname="2K2C5M2" name="io.nbaynham.hackerrank.SubstringComparisons" tests="1" failures="0" timestamp="2019-10-15T21:08:14 EDT" time="0.000" errors="0">
  <testcase name="test" time="0.000" classname="io.nbaynham.hackerrank.SubstringComparisons"/>
</testsuite> <!-- io.nbaynham.hackerrank.SubstringComparisons -->
